<?xml version="1.0" encoding="UTF-8"?>
<!-- Generated by org.testng.reporters.JUnitReportReporter -->
<testsuite hostname="vyrazu66-ThinkCentre-M70t" failures="0" tests="4" name="Testng.TestNgFeatures" time="0.001" errors="0" timestamp="2023-07-24T11:59:21 IST" skipped="0">
  <testcase classname="Testng.TestNgFeatures" name="loginTest" time="0.000"/>
  <system-out/>
  <testcase classname="Testng.TestNgFeatures" name="RegistationPage" time="0.001"/>
  <system-out/>
  <testcase classname="Testng.TestNgFeatures" name="searchpageTest" time="0.000"/>
  <system-out/>
  <testcase classname="Testng.TestNgFeatures" name="HomePageTest" time="0.000"/>
  <system-out/>
</testsuite> <!-- Testng.TestNgFeatures -->
