<?xml version="1.0" encoding="UTF-8"?>
<!-- Generated by org.testng.reporters.JUnitReportReporter -->
<testsuite hostname="vyrazu66-ThinkCentre-M70t" failures="0" tests="1" name="dataDrivenFromXml.ParameterrizeTest" time="5.332" errors="0" timestamp="2023-07-24T12:17:52 IST" skipped="0">
  <testcase classname="dataDrivenFromXml.ParameterrizeTest" name="DatapullFromTextng" time="5.332"/>
  <system-out/>
</testsuite> <!-- dataDrivenFromXml.ParameterrizeTest -->
