<?xml version="1.0" encoding="UTF-8"?>
<!-- Generated by org.testng.reporters.JUnitReportReporter -->
<testsuite hostname="vyrazu66-ThinkCentre-M70t" failures="1" tests="1" name="DataProvideoExp2.dataprovider_02" time="0.000" errors="0" timestamp="27 Jul 2023 06:30:19 GMT">
  <testcase classname="DataProvideoExp2.dataprovider_02" name="signIn" time="0.000">
    <failure message="
DataProvider should be static: public java.lang.Object[][] DataProvideoExp2.GetExcelData_02.excelDP() throws java.io.IOException" type="org.testng.TestNGException">
      <![CDATA[org.testng.TestNGException: 
DataProvider should be static: public java.lang.Object[][] DataProvideoExp2.GetExcelData_02.excelDP() throws java.io.IOException
	at org.testng.internal.Parameters.findDataProvider(Parameters.java:328)
	at org.testng.internal.Parameters.findDataProvider(Parameters.java:262)
	at org.testng.internal.Parameters.handleParameters(Parameters.java:414)
	at org.testng.internal.Invoker.handleParameters(Invoker.java:1389)
	at org.testng.internal.Invoker.createParameters(Invoker.java:1081)
	at org.testng.internal.Invoker.invokeTestMethods(Invoker.java:1186)
	at org.testng.internal.TestMethodWorker.invokeTestMethods(TestMethodWorker.java:127)
	at org.testng.internal.TestMethodWorker.run(TestMethodWorker.java:111)
	at org.testng.TestRunner.privateRun(TestRunner.java:767)
	at org.testng.TestRunner.run(TestRunner.java:617)
	at org.testng.SuiteRunner.runTest(SuiteRunner.java:334)
	at org.testng.SuiteRunner.runSequentially(SuiteRunner.java:329)
	at org.testng.SuiteRunner.privateRun(SuiteRunner.java:291)
	at org.testng.SuiteRunner.run(SuiteRunner.java:240)
	at org.testng.SuiteRunnerWorker.runSuite(SuiteRunnerWorker.java:51)
	at org.testng.SuiteRunnerWorker.run(SuiteRunnerWorker.java:85)
	at org.testng.TestNG.runSuitesSequentially(TestNG.java:1197)
	at org.testng.TestNG.runSuitesLocally(TestNG.java:1122)
	at org.testng.TestNG.run(TestNG.java:1030)
	at org.testng.remote.AbstractRemoteTestNG.run(AbstractRemoteTestNG.java:115)
	at org.testng.remote.RemoteTestNG.initAndRun(RemoteTestNG.java:251)
	at org.testng.remote.RemoteTestNG.main(RemoteTestNG.java:77)
]]>
    </failure>
  </testcase> <!-- signIn -->
</testsuite> <!-- DataProvideoExp2.dataprovider_02 -->
