<?xml version="1.0" encoding="UTF-8"?>
<!-- Generated by org.testng.reporters.JUnitReportReporter -->
<testsuite hostname="vyrazu66-ThinkCentre-M70t" failures="0" tests="6" name="Testng.FacebookTest" time="21.102" errors="0" timestamp="2023-07-24T11:59:21 IST" skipped="0">
  <testcase classname="Testng.FacebookTest" name="test_title" time="3.046"/>
  <system-out/>
  <testcase classname="Testng.FacebookTest" name="googleLogotest" time="2.617"/>
  <system-out/>
  <testcase classname="Testng.FacebookTest" name="Linktest" time="2.885"/>
  <system-out/>
  <testcase classname="Testng.FacebookTest" name="test4" time="3.540"/>
  <system-out/>
  <testcase classname="Testng.FacebookTest" name="test5" time="5.780"/>
  <system-out/>
  <testcase classname="Testng.FacebookTest" name="test6" time="3.234"/>
  <system-out/>
</testsuite> <!-- Testng.FacebookTest -->
