<?xml version="1.0" encoding="UTF-8"?>
<!-- Generated by org.testng.reporters.JUnitReportReporter -->
<testsuite hostname="vyrazu66-ThinkCentre-M70t" failures="0" tests="6" name="Testng.FacebookTest" time="15.089" errors="0" timestamp="27 Jul 2023 08:07:01 GMT">
  <testcase classname="Testng.FacebookTest" name="test5" time="2.402"/>
  <testcase classname="Testng.FacebookTest" name="Linktest" time="2.364"/>
  <testcase classname="Testng.FacebookTest" name="test6" time="2.219"/>
  <testcase classname="Testng.FacebookTest" name="googleLogotest" time="3.832"/>
  <testcase classname="Testng.FacebookTest" name="test_title" time="2.096"/>
  <testcase classname="Testng.FacebookTest" name="test4" time="2.176"/>
</testsuite> <!-- Testng.FacebookTest -->
