<?xml version="1.0" encoding="UTF-8"?>
<!-- Generated by org.testng.reporters.JUnitReportReporter -->
<testsuite hostname="vyrazu66-ThinkCentre-M70t" failures="0" tests="10" name="Testng.InvocationCountTest" time="0.006" errors="0" timestamp="27 Jul 2023 08:07:01 GMT">
  <testcase classname="Testng.InvocationCountTest" name="sum" time="0.000"/>
  <testcase classname="Testng.InvocationCountTest" name="sum" time="0.001"/>
  <testcase classname="Testng.InvocationCountTest" name="sum" time="0.001"/>
  <testcase classname="Testng.InvocationCountTest" name="sum" time="0.000"/>
  <testcase classname="Testng.InvocationCountTest" name="sum" time="0.001"/>
  <testcase classname="Testng.InvocationCountTest" name="sum" time="0.000"/>
  <testcase classname="Testng.InvocationCountTest" name="sum" time="0.001"/>
  <testcase classname="Testng.InvocationCountTest" name="sum" time="0.000"/>
  <testcase classname="Testng.InvocationCountTest" name="sum" time="0.001"/>
  <testcase classname="Testng.InvocationCountTest" name="sum" time="0.001"/>
</testsuite> <!-- Testng.InvocationCountTest -->
