<?xml version="1.0" encoding="UTF-8"?>
<!-- Generated by org.testng.reporters.JUnitReportReporter -->
<testsuite hostname="vyrazu66-ThinkCentre-M70t" failures="0" tests="6" name="Testng.FacebookTest" time="16.873" errors="0" timestamp="2023-07-20T18:21:25 IST" skipped="0">
  <testcase classname="Testng.FacebookTest" name="test_title" time="2.306"/>
  <system-out/>
  <testcase classname="Testng.FacebookTest" name="googleLogotest" time="2.633"/>
  <system-out/>
  <testcase classname="Testng.FacebookTest" name="Linktest" time="3.330"/>
  <system-out/>
  <testcase classname="Testng.FacebookTest" name="test4" time="3.787"/>
  <system-out/>
  <testcase classname="Testng.FacebookTest" name="test5" time="2.575"/>
  <system-out/>
  <testcase classname="Testng.FacebookTest" name="test6" time="2.242"/>
  <system-out/>
</testsuite> <!-- Testng.FacebookTest -->
