<?xml version="1.0" encoding="UTF-8"?>
<!-- Generated by org.testng.reporters.JUnitReportReporter -->
<testsuite hostname="vyrazu66-ThinkCentre-M70t" failures="0" tests="4" name="Testng.TestNgFeatures" time="0.002" errors="0" timestamp="27 Jul 2023 08:07:01 GMT">
  <testcase classname="Testng.TestNgFeatures" name="RegistationPage" time="0.001"/>
  <testcase classname="Testng.TestNgFeatures" name="HomePageTest" time="0.001"/>
  <testcase classname="Testng.TestNgFeatures" name="searchpageTest" time="0.000"/>
  <testcase classname="Testng.TestNgFeatures" name="loginTest" time="0.000"/>
</testsuite> <!-- Testng.TestNgFeatures -->
