<?xml version="1.0" encoding="UTF-8"?>
<!-- Generated by org.testng.reporters.JUnitReportReporter -->
<testsuite hostname="vyrazu66-ThinkCentre-M70t" failures="0" tests="6" name="Testng.FacebookTest" time="24.269" errors="0" timestamp="2023-07-27T16:20:04 IST" skipped="0">
  <testcase classname="Testng.FacebookTest" name="test_title" time="3.038"/>
  <system-out/>
  <testcase classname="Testng.FacebookTest" name="googleLogotest" time="3.464"/>
  <system-out/>
  <testcase classname="Testng.FacebookTest" name="Linktest" time="3.702"/>
  <system-out/>
  <testcase classname="Testng.FacebookTest" name="test4" time="3.119"/>
  <system-out/>
  <testcase classname="Testng.FacebookTest" name="test5" time="3.831"/>
  <system-out/>
  <testcase classname="Testng.FacebookTest" name="test6" time="7.115"/>
  <system-out/>
</testsuite> <!-- Testng.FacebookTest -->
