<?xml version="1.0" encoding="UTF-8"?>
<!-- Generated by org.testng.reporters.JUnitReportReporter -->
<testsuite hostname="vyrazu66-ThinkCentre-M70t" failures="0" tests="10" name="Testng.InvocationCountTest" time="0.000" errors="0" timestamp="2023-07-27T16:20:04 IST" skipped="0">
  <testcase classname="Testng.InvocationCountTest" name="sum" time="0.000"/>
  <system-out/>
  <testcase classname="Testng.InvocationCountTest" name="sum" time="0.000"/>
  <system-out/>
  <testcase classname="Testng.InvocationCountTest" name="sum" time="0.000"/>
  <system-out/>
  <testcase classname="Testng.InvocationCountTest" name="sum" time="0.000"/>
  <system-out/>
  <testcase classname="Testng.InvocationCountTest" name="sum" time="0.000"/>
  <system-out/>
  <testcase classname="Testng.InvocationCountTest" name="sum" time="0.000"/>
  <system-out/>
  <testcase classname="Testng.InvocationCountTest" name="sum" time="0.000"/>
  <system-out/>
  <testcase classname="Testng.InvocationCountTest" name="sum" time="0.000"/>
  <system-out/>
  <testcase classname="Testng.InvocationCountTest" name="sum" time="0.000"/>
  <system-out/>
  <testcase classname="Testng.InvocationCountTest" name="sum" time="0.000"/>
  <system-out/>
</testsuite> <!-- Testng.InvocationCountTest -->
