<?xml version="1.0" encoding="UTF-8"?>
<!-- Generated by org.testng.reporters.JUnitReportReporter -->
<testsuite hostname="vyrazu66-ThinkCentre-M70t" failures="0" tests="1" name="Testng.GoogletitleTest" time="3.219" errors="0" timestamp="2023-07-27T16:20:04 IST" skipped="0">
  <testcase classname="Testng.GoogletitleTest" name="test_title" time="3.219"/>
  <system-out/>
</testsuite> <!-- Testng.GoogletitleTest -->
