<?xml version="1.0" encoding="UTF-8"?>
<!-- Generated by org.testng.reporters.JUnitReportReporter -->
<testsuite hostname="vyrazu66-ThinkCentre-M70t" failures="0" tests="3" name="com.crm.qa.testcases.LoginPageTest" time="67.379" errors="0" timestamp="2023-08-22T17:03:16 IST" skipped="0">
  <testcase classname="com.crm.qa.testcases.LoginPageTest" name="loginPageTitleTest" time="13.172"/>
  <system-out/>
  <testcase classname="com.crm.qa.testcases.LoginPageTest" name="crmLogoImageTest" time="18.136"/>
  <system-out/>
  <testcase classname="com.crm.qa.testcases.LoginPageTest" name="loginTest" time="36.071"/>
  <system-out/>
</testsuite> <!-- com.crm.qa.testcases.LoginPageTest -->
