<?xml version="1.0" encoding="UTF-8"?>
<!-- Generated by org.testng.reporters.JUnitReportReporter -->
<testsuite hostname="vyrazu66-ThinkCentre-M70t" failures="0" tests="1" name="com.crm.qa.base.TestBase" time="13.130" errors="0" timestamp="2023-08-03T15:06:30 IST" skipped="0">
  <testcase classname="com.crm.qa.base.TestBase" name="initialization" time="13.130"/>
  <system-out/>
</testsuite> <!-- com.crm.qa.base.TestBase -->
