<?xml version="1.0" encoding="UTF-8"?>
<!-- Generated by org.testng.reporters.JUnitReportReporter -->
<testsuite hostname="vyrazu66-ThinkCentre-M70t" failures="0" tests="3" name="com.crm.qa.testcases.LoginPageTest" time="37.459" errors="0" timestamp="2023-08-07T18:33:57 IST" skipped="0">
  <testcase classname="com.crm.qa.testcases.LoginPageTest" name="initialization" time="24.549"/>
  <system-out/>
  <testcase classname="com.crm.qa.testcases.LoginPageTest" name="loginPageTitleTest" time="6.313"/>
  <system-out/>
  <testcase classname="com.crm.qa.testcases.LoginPageTest" name="loginTest" time="6.597"/>
  <system-out/>
</testsuite> <!-- com.crm.qa.testcases.LoginPageTest -->
