<?xml version="1.0" encoding="UTF-8"?>
<!-- Generated by org.testng.reporters.JUnitReportReporter -->
<testsuite hostname="vyrazu66-ThinkCentre-M70t" failures="0" tests="1" name="mail.TestComponents.BaseTest" time="3.746" errors="0" timestamp="2023-06-20T13:03:40 IST" skipped="0">
  <testcase classname="mail.TestComponents.BaseTest" name="initialize" time="3.746"/>
  <system-out/>
</testsuite> <!-- mail.TestComponents.BaseTest -->
