<?xml version="1.0" encoding="UTF-8"?>
<!-- Generated by org.testng.reporters.JUnitReportReporter -->
<testsuite hostname="vyrazu66-ThinkCentre-M70t" failures="0" tests="1" name="com.dev.addby.testcases.LoginPagetest" time="10.150" errors="0" timestamp="2023-10-31T16:37:57 IST" skipped="0">
  <testcase classname="com.dev.addby.testcases.LoginPagetest" name="loginTest" time="10.150"/>
  <system-out/>
</testsuite> <!-- com.dev.addby.testcases.LoginPagetest -->
