<?xml version="1.0" encoding="UTF-8"?>
<!-- Generated by org.testng.reporters.JUnitReportReporter -->
<testsuite hostname="vyrazu66-ThinkCentre-M70t" failures="0" tests="1" name="com.dev.addby.testcases.ServiceListingTest" time="9.898" errors="0" timestamp="2023-10-30T19:52:29 IST" skipped="0">
  <testcase classname="com.dev.addby.testcases.ServiceListingTest" name="ViewUserprofile" time="9.898"/>
  <system-out/>
</testsuite> <!-- com.dev.addby.testcases.ServiceListingTest -->
