<?xml version="1.0" encoding="UTF-8"?>
<!-- Generated by org.testng.reporters.JUnitReportReporter -->
<testsuite hostname="vyrazu66-ThinkCentre-M70t" failures="0" tests="1" name="com.dev.addby.testcases.ServiceListingTest" time="10.475" errors="0" timestamp="2023-10-31T20:00:24 IST" skipped="0">
  <testcase classname="com.dev.addby.testcases.ServiceListingTest" name="ViewUserprofile" time="10.475"/>
  <system-out/>
</testsuite> <!-- com.dev.addby.testcases.ServiceListingTest -->
