<?xml version="1.0" encoding="UTF-8"?>
<!-- Generated by org.testng.reporters.JUnitReportReporter -->
<testsuite hostname="vyrazu66-ThinkCentre-M70t" failures="0" tests="1" name="com.dev.addby.base.TestBase" time="4.769" errors="0" timestamp="2023-10-17T16:33:50 IST" skipped="0">
  <testcase classname="com.dev.addby.base.TestBase" name="initialization" time="4.769"/>
  <system-out/>
</testsuite> <!-- com.dev.addby.base.TestBase -->
