<?xml version="1.0" encoding="UTF-8"?>
<!-- Generated by org.testng.reporters.JUnitReportReporter -->
<testsuite hostname="vyrazu66-ThinkCentre-M70t" failures="0" tests="1" name="com.dev.addby.base.TestBase" time="7.519" errors="0" timestamp="2023-10-12T16:45:15 IST" skipped="0">
  <testcase classname="com.dev.addby.base.TestBase" name="initialization" time="7.519"/>
  <system-out/>
</testsuite> <!-- com.dev.addby.base.TestBase -->
