<?xml version="1.0" encoding="UTF-8"?>
<!-- Generated by org.testng.reporters.JUnitReportReporter -->
<testsuite hostname="vyrazu66-ThinkCentre-M70t" failures="0" tests="1" name="com.dev.addby.testcases.ServiceOfferedHomePageTest" time="6.851" errors="0" timestamp="2023-11-01T19:41:36 IST" skipped="0">
  <testcase classname="com.dev.addby.testcases.ServiceOfferedHomePageTest" name="selectCookingServiceTest" time="6.851"/>
  <system-out/>
</testsuite> <!-- com.dev.addby.testcases.ServiceOfferedHomePageTest -->
