<?xml version="1.0" encoding="UTF-8"?>
<!-- Generated by org.testng.reporters.JUnitReportReporter -->
<testsuite hostname="vyrazu66-ThinkCentre-M70t" failures="0" tests="1" name="com.dev.addby.testcases.UserProfilePageTest" time="11.319" errors="0" timestamp="2023-10-31T20:01:46 IST" skipped="0">
  <testcase classname="com.dev.addby.testcases.UserProfilePageTest" name="UserBookNow" time="11.319"/>
  <system-out/>
</testsuite> <!-- com.dev.addby.testcases.UserProfilePageTest -->
