<?xml version="1.0" encoding="UTF-8"?>
<!-- Generated by org.testng.reporters.JUnitReportReporter -->
<testsuite hostname="vyrazu66-ThinkCentre-M70t" failures="0" tests="1" name="com.dev.addby.testcases.UserBookingPageTest" time="11.748" errors="0" timestamp="2023-11-03T14:35:05 IST" skipped="0">
  <testcase classname="com.dev.addby.testcases.UserBookingPageTest" name="UserBookingServiceForNowTest" time="11.748"/>
  <system-out/>
</testsuite> <!-- com.dev.addby.testcases.UserBookingPageTest -->
