<?xml version="1.0" encoding="UTF-8"?>
<testsuite xmlns:xsi="http://www.w3.org/2001/XMLSchema-instance" xsi:noNamespaceSchemaLocation="https://maven.apache.org/surefire/maven-surefire-plugin/xsd/surefire-test-report-3.0.xsd" version="3.0" name="com.dev.addby.v1.AppTest" time="0.027" tests="1" errors="0" skipped="0" failures="0">
  <properties>
    <property name="java.specification.version" value="17"/>
    <property name="sun.jnu.encoding" value="UTF-8"/>
    <property name="java.class.path" value="/home/vyrazu-66/Documents/Syseclipse/AddByAutomation/target/test-classes:/home/vyrazu-66/Documents/Syseclipse/AddByAutomation/target/classes:/home/vyrazu-66/.m2/repository/org/junit/jupiter/junit-jupiter-engine/5.7.1/junit-jupiter-engine-5.7.1.jar:/home/vyrazu-66/.m2/repository/org/apiguardian/apiguardian-api/1.1.0/apiguardian-api-1.1.0.jar:/home/vyrazu-66/.m2/repository/org/junit/platform/junit-platform-engine/1.7.1/junit-platform-engine-1.7.1.jar:/home/vyrazu-66/.m2/repository/org/opentest4j/opentest4j/1.2.0/opentest4j-1.2.0.jar:/home/vyrazu-66/.m2/repository/org/junit/platform/junit-platform-commons/1.7.1/junit-platform-commons-1.7.1.jar:/home/vyrazu-66/.m2/repository/org/junit/jupiter/junit-jupiter-api/5.7.1/junit-jupiter-api-5.7.1.jar:/home/vyrazu-66/.m2/repository/org/junit/jupiter/junit-jupiter-params/5.7.1/junit-jupiter-params-5.7.1.jar:/home/vyrazu-66/.m2/repository/org/testng/testng/7.7.1/testng-7.7.1.jar:/home/vyrazu-66/.m2/repository/org/slf4j/slf4j-api/1.7.36/slf4j-api-1.7.36.jar:/home/vyrazu-66/.m2/repository/com/beust/jcommander/1.82/jcommander-1.82.jar:/home/vyrazu-66/.m2/repository/org/webjars/jquery/3.6.1/jquery-3.6.1.jar:/home/vyrazu-66/.m2/repository/commons-io/commons-io/2.6/commons-io-2.6.jar:/home/vyrazu-66/.m2/repository/org/apache/poi/poi-scratchpad/4.1.1/poi-scratchpad-4.1.1.jar:/home/vyrazu-66/.m2/repository/org/apache/poi/poi/4.1.1/poi-4.1.1.jar:/home/vyrazu-66/.m2/repository/commons-codec/commons-codec/1.13/commons-codec-1.13.jar:/home/vyrazu-66/.m2/repository/org/apache/commons/commons-collections4/4.4/commons-collections4-4.4.jar:/home/vyrazu-66/.m2/repository/org/apache/commons/commons-math3/3.6.1/commons-math3-3.6.1.jar:/home/vyrazu-66/.m2/repository/org/apache/poi/openxml4j/1.0-beta/openxml4j-1.0-beta.jar:/home/vyrazu-66/.m2/repository/dom4j/dom4j/1.6.1/dom4j-1.6.1.jar:/home/vyrazu-66/.m2/repository/xml-apis/xml-apis/1.0.b2/xml-apis-1.0.b2.jar:/home/vyrazu-66/.m2/repository/log4j/log4j/1.2.8/log4j-1.2.8.jar:/home/vyrazu-66/.m2/repository/org/seleniumhq/selenium/selenium-java/3.141.59/selenium-java-3.141.59.jar:/home/vyrazu-66/.m2/repository/org/seleniumhq/selenium/selenium-api/3.141.59/selenium-api-3.141.59.jar:/home/vyrazu-66/.m2/repository/org/seleniumhq/selenium/selenium-chrome-driver/3.141.59/selenium-chrome-driver-3.141.59.jar:/home/vyrazu-66/.m2/repository/org/seleniumhq/selenium/selenium-edge-driver/3.141.59/selenium-edge-driver-3.141.59.jar:/home/vyrazu-66/.m2/repository/org/seleniumhq/selenium/selenium-firefox-driver/3.141.59/selenium-firefox-driver-3.141.59.jar:/home/vyrazu-66/.m2/repository/org/seleniumhq/selenium/selenium-ie-driver/3.141.59/selenium-ie-driver-3.141.59.jar:/home/vyrazu-66/.m2/repository/org/seleniumhq/selenium/selenium-opera-driver/3.141.59/selenium-opera-driver-3.141.59.jar:/home/vyrazu-66/.m2/repository/org/seleniumhq/selenium/selenium-remote-driver/3.141.59/selenium-remote-driver-3.141.59.jar:/home/vyrazu-66/.m2/repository/org/seleniumhq/selenium/selenium-safari-driver/3.141.59/selenium-safari-driver-3.141.59.jar:/home/vyrazu-66/.m2/repository/org/seleniumhq/selenium/selenium-support/3.141.59/selenium-support-3.141.59.jar:/home/vyrazu-66/.m2/repository/net/bytebuddy/byte-buddy/1.8.15/byte-buddy-1.8.15.jar:/home/vyrazu-66/.m2/repository/org/apache/commons/commons-exec/1.3/commons-exec-1.3.jar:/home/vyrazu-66/.m2/repository/com/google/guava/guava/25.0-jre/guava-25.0-jre.jar:/home/vyrazu-66/.m2/repository/com/google/code/findbugs/jsr305/1.3.9/jsr305-1.3.9.jar:/home/vyrazu-66/.m2/repository/org/checkerframework/checker-compat-qual/2.0.0/checker-compat-qual-2.0.0.jar:/home/vyrazu-66/.m2/repository/com/google/errorprone/error_prone_annotations/2.1.3/error_prone_annotations-2.1.3.jar:/home/vyrazu-66/.m2/repository/com/google/j2objc/j2objc-annotations/1.1/j2objc-annotations-1.1.jar:/home/vyrazu-66/.m2/repository/org/codehaus/mojo/animal-sniffer-annotations/1.14/animal-sniffer-annotations-1.14.jar:/home/vyrazu-66/.m2/repository/com/squareup/okhttp3/okhttp/3.11.0/okhttp-3.11.0.jar:/home/vyrazu-66/.m2/repository/com/squareup/okio/okio/1.14.0/okio-1.14.0.jar:/home/vyrazu-66/.m2/repository/io/github/bonigarcia/webdrivermanager/3.6.2/webdrivermanager-3.6.2.jar:/home/vyrazu-66/.m2/repository/com/google/code/gson/gson/2.8.5/gson-2.8.5.jar:/home/vyrazu-66/.m2/repository/org/apache/commons/commons-lang3/3.8.1/commons-lang3-3.8.1.jar:/home/vyrazu-66/.m2/repository/org/apache/httpcomponents/httpclient/4.5.6/httpclient-4.5.6.jar:/home/vyrazu-66/.m2/repository/org/apache/httpcomponents/httpcore/4.4.10/httpcore-4.4.10.jar:/home/vyrazu-66/.m2/repository/commons-logging/commons-logging/1.2/commons-logging-1.2.jar:/home/vyrazu-66/.m2/repository/org/rauschig/jarchivelib/1.0.0/jarchivelib-1.0.0.jar:/home/vyrazu-66/.m2/repository/org/apache/commons/commons-compress/1.18/commons-compress-1.18.jar:/home/vyrazu-66/.m2/repository/org/jsoup/jsoup/1.11.3/jsoup-1.11.3.jar:/home/vyrazu-66/.m2/repository/com/aventstack/extentreports/5.1.0/extentreports-5.1.0.jar:/home/vyrazu-66/.m2/repository/io/reactivex/rxjava3/rxjava/3.1.6/rxjava-3.1.6.jar:/home/vyrazu-66/.m2/repository/org/reactivestreams/reactive-streams/1.0.4/reactive-streams-1.0.4.jar:/home/vyrazu-66/.m2/repository/org/freemarker/freemarker/2.3.32/freemarker-2.3.32.jar:/home/vyrazu-66/.m2/repository/org/projectlombok/lombok/1.18.26/lombok-1.18.26.jar:"/>
    <property name="java.vm.vendor" value="Eclipse Adoptium"/>
    <property name="sun.arch.data.model" value="64"/>
    <property name="java.vendor.url" value="https://adoptium.net/"/>
    <property name="os.name" value="Linux"/>
    <property name="java.vm.specification.version" value="17"/>
    <property name="sun.java.launcher" value="SUN_STANDARD"/>
    <property name="user.country" value="IN"/>
    <property name="sun.boot.library.path" value="/snap/eclipse/73/plugins/org.eclipse.justj.openjdk.hotspot.jre.full.linux.x86_64_17.0.8.v20230831-1047/jre/lib"/>
    <property name="sun.java.command" value="/home/vyrazu-66/Documents/Syseclipse/AddByAutomation/target/surefire/surefirebooter2776476108618878156.jar /home/vyrazu-66/Documents/Syseclipse/AddByAutomation/target/surefire 2023-10-19T11-31-10_788-jvmRun1 surefire16084639151717389878tmp surefire_015120231123145938139tmp"/>
    <property name="jdk.debug" value="release"/>
    <property name="surefire.test.class.path" value="/home/vyrazu-66/Documents/Syseclipse/AddByAutomation/target/test-classes:/home/vyrazu-66/Documents/Syseclipse/AddByAutomation/target/classes:/home/vyrazu-66/.m2/repository/org/junit/jupiter/junit-jupiter-engine/5.7.1/junit-jupiter-engine-5.7.1.jar:/home/vyrazu-66/.m2/repository/org/apiguardian/apiguardian-api/1.1.0/apiguardian-api-1.1.0.jar:/home/vyrazu-66/.m2/repository/org/junit/platform/junit-platform-engine/1.7.1/junit-platform-engine-1.7.1.jar:/home/vyrazu-66/.m2/repository/org/opentest4j/opentest4j/1.2.0/opentest4j-1.2.0.jar:/home/vyrazu-66/.m2/repository/org/junit/platform/junit-platform-commons/1.7.1/junit-platform-commons-1.7.1.jar:/home/vyrazu-66/.m2/repository/org/junit/jupiter/junit-jupiter-api/5.7.1/junit-jupiter-api-5.7.1.jar:/home/vyrazu-66/.m2/repository/org/junit/jupiter/junit-jupiter-params/5.7.1/junit-jupiter-params-5.7.1.jar:/home/vyrazu-66/.m2/repository/org/testng/testng/7.7.1/testng-7.7.1.jar:/home/vyrazu-66/.m2/repository/org/slf4j/slf4j-api/1.7.36/slf4j-api-1.7.36.jar:/home/vyrazu-66/.m2/repository/com/beust/jcommander/1.82/jcommander-1.82.jar:/home/vyrazu-66/.m2/repository/org/webjars/jquery/3.6.1/jquery-3.6.1.jar:/home/vyrazu-66/.m2/repository/commons-io/commons-io/2.6/commons-io-2.6.jar:/home/vyrazu-66/.m2/repository/org/apache/poi/poi-scratchpad/4.1.1/poi-scratchpad-4.1.1.jar:/home/vyrazu-66/.m2/repository/org/apache/poi/poi/4.1.1/poi-4.1.1.jar:/home/vyrazu-66/.m2/repository/commons-codec/commons-codec/1.13/commons-codec-1.13.jar:/home/vyrazu-66/.m2/repository/org/apache/commons/commons-collections4/4.4/commons-collections4-4.4.jar:/home/vyrazu-66/.m2/repository/org/apache/commons/commons-math3/3.6.1/commons-math3-3.6.1.jar:/home/vyrazu-66/.m2/repository/org/apache/poi/openxml4j/1.0-beta/openxml4j-1.0-beta.jar:/home/vyrazu-66/.m2/repository/dom4j/dom4j/1.6.1/dom4j-1.6.1.jar:/home/vyrazu-66/.m2/repository/xml-apis/xml-apis/1.0.b2/xml-apis-1.0.b2.jar:/home/vyrazu-66/.m2/repository/log4j/log4j/1.2.8/log4j-1.2.8.jar:/home/vyrazu-66/.m2/repository/org/seleniumhq/selenium/selenium-java/3.141.59/selenium-java-3.141.59.jar:/home/vyrazu-66/.m2/repository/org/seleniumhq/selenium/selenium-api/3.141.59/selenium-api-3.141.59.jar:/home/vyrazu-66/.m2/repository/org/seleniumhq/selenium/selenium-chrome-driver/3.141.59/selenium-chrome-driver-3.141.59.jar:/home/vyrazu-66/.m2/repository/org/seleniumhq/selenium/selenium-edge-driver/3.141.59/selenium-edge-driver-3.141.59.jar:/home/vyrazu-66/.m2/repository/org/seleniumhq/selenium/selenium-firefox-driver/3.141.59/selenium-firefox-driver-3.141.59.jar:/home/vyrazu-66/.m2/repository/org/seleniumhq/selenium/selenium-ie-driver/3.141.59/selenium-ie-driver-3.141.59.jar:/home/vyrazu-66/.m2/repository/org/seleniumhq/selenium/selenium-opera-driver/3.141.59/selenium-opera-driver-3.141.59.jar:/home/vyrazu-66/.m2/repository/org/seleniumhq/selenium/selenium-remote-driver/3.141.59/selenium-remote-driver-3.141.59.jar:/home/vyrazu-66/.m2/repository/org/seleniumhq/selenium/selenium-safari-driver/3.141.59/selenium-safari-driver-3.141.59.jar:/home/vyrazu-66/.m2/repository/org/seleniumhq/selenium/selenium-support/3.141.59/selenium-support-3.141.59.jar:/home/vyrazu-66/.m2/repository/net/bytebuddy/byte-buddy/1.8.15/byte-buddy-1.8.15.jar:/home/vyrazu-66/.m2/repository/org/apache/commons/commons-exec/1.3/commons-exec-1.3.jar:/home/vyrazu-66/.m2/repository/com/google/guava/guava/25.0-jre/guava-25.0-jre.jar:/home/vyrazu-66/.m2/repository/com/google/code/findbugs/jsr305/1.3.9/jsr305-1.3.9.jar:/home/vyrazu-66/.m2/repository/org/checkerframework/checker-compat-qual/2.0.0/checker-compat-qual-2.0.0.jar:/home/vyrazu-66/.m2/repository/com/google/errorprone/error_prone_annotations/2.1.3/error_prone_annotations-2.1.3.jar:/home/vyrazu-66/.m2/repository/com/google/j2objc/j2objc-annotations/1.1/j2objc-annotations-1.1.jar:/home/vyrazu-66/.m2/repository/org/codehaus/mojo/animal-sniffer-annotations/1.14/animal-sniffer-annotations-1.14.jar:/home/vyrazu-66/.m2/repository/com/squareup/okhttp3/okhttp/3.11.0/okhttp-3.11.0.jar:/home/vyrazu-66/.m2/repository/com/squareup/okio/okio/1.14.0/okio-1.14.0.jar:/home/vyrazu-66/.m2/repository/io/github/bonigarcia/webdrivermanager/3.6.2/webdrivermanager-3.6.2.jar:/home/vyrazu-66/.m2/repository/com/google/code/gson/gson/2.8.5/gson-2.8.5.jar:/home/vyrazu-66/.m2/repository/org/apache/commons/commons-lang3/3.8.1/commons-lang3-3.8.1.jar:/home/vyrazu-66/.m2/repository/org/apache/httpcomponents/httpclient/4.5.6/httpclient-4.5.6.jar:/home/vyrazu-66/.m2/repository/org/apache/httpcomponents/httpcore/4.4.10/httpcore-4.4.10.jar:/home/vyrazu-66/.m2/repository/commons-logging/commons-logging/1.2/commons-logging-1.2.jar:/home/vyrazu-66/.m2/repository/org/rauschig/jarchivelib/1.0.0/jarchivelib-1.0.0.jar:/home/vyrazu-66/.m2/repository/org/apache/commons/commons-compress/1.18/commons-compress-1.18.jar:/home/vyrazu-66/.m2/repository/org/jsoup/jsoup/1.11.3/jsoup-1.11.3.jar:/home/vyrazu-66/.m2/repository/com/aventstack/extentreports/5.1.0/extentreports-5.1.0.jar:/home/vyrazu-66/.m2/repository/io/reactivex/rxjava3/rxjava/3.1.6/rxjava-3.1.6.jar:/home/vyrazu-66/.m2/repository/org/reactivestreams/reactive-streams/1.0.4/reactive-streams-1.0.4.jar:/home/vyrazu-66/.m2/repository/org/freemarker/freemarker/2.3.32/freemarker-2.3.32.jar:/home/vyrazu-66/.m2/repository/org/projectlombok/lombok/1.18.26/lombok-1.18.26.jar:"/>
    <property name="sun.cpu.endian" value="little"/>
    <property name="user.home" value="/home/vyrazu-66"/>
    <property name="user.language" value="en"/>
    <property name="java.specification.vendor" value="Oracle Corporation"/>
    <property name="java.version.date" value="2023-08-24"/>
    <property name="java.home" value="/snap/eclipse/73/plugins/org.eclipse.justj.openjdk.hotspot.jre.full.linux.x86_64_17.0.8.v20230831-1047/jre"/>
    <property name="file.separator" value="/"/>
    <property name="style.color" value="always"/>
    <property name="basedir" value="/home/vyrazu-66/Documents/Syseclipse/AddByAutomation"/>
    <property name="java.vm.compressedOopsMode" value="32-bit"/>
    <property name="line.separator" value="&#10;"/>
    <property name="java.vm.specification.vendor" value="Oracle Corporation"/>
    <property name="java.specification.name" value="Java Platform API Specification"/>
    <property name="surefire.real.class.path" value="/home/vyrazu-66/Documents/Syseclipse/AddByAutomation/target/surefire/surefirebooter2776476108618878156.jar"/>
    <property name="sun.management.compiler" value="HotSpot 64-Bit Tiered Compilers"/>
    <property name="java.runtime.version" value="17.0.8.1+1"/>
    <property name="user.name" value="vyrazu-66"/>
    <property name="path.separator" value=":"/>
    <property name="os.version" value="6.2.0-34-generic"/>
    <property name="java.runtime.name" value="OpenJDK Runtime Environment"/>
    <property name="file.encoding" value="UTF-8"/>
    <property name="java.vm.name" value="OpenJDK 64-Bit Server VM"/>
    <property name="java.vendor.version" value="Temurin-17.0.8.1+1"/>
    <property name="localRepository" value="/home/vyrazu-66/.m2/repository"/>
    <property name="java.vendor.url.bug" value="https://github.com/adoptium/adoptium-support/issues"/>
    <property name="java.io.tmpdir" value="/tmp"/>
    <property name="java.version" value="17.0.8.1"/>
    <property name="user.dir" value="/home/vyrazu-66/Documents/Syseclipse/AddByAutomation"/>
    <property name="os.arch" value="amd64"/>
    <property name="java.vm.specification.name" value="Java Virtual Machine Specification"/>
    <property name="native.encoding" value="UTF-8"/>
    <property name="java.library.path" value="/usr/java/packages/lib:/usr/lib64:/lib64:/lib:/usr/lib"/>
    <property name="java.vm.info" value="mixed mode"/>
    <property name="java.vendor" value="Eclipse Adoptium"/>
    <property name="java.vm.version" value="17.0.8.1+1"/>
    <property name="sun.io.unicode.encoding" value="UnicodeLittle"/>
    <property name="java.class.version" value="61.0"/>
  </properties>
  <testcase name="shouldAnswerWithTrue" classname="com.dev.addby.v1.AppTest" time="0.016"/>
</testsuite>