<?xml version="1.0" encoding="UTF-8"?>
<!-- Generated by org.testng.reporters.JUnitReportReporter -->
<testsuite hostname="vyrazu66-ThinkCentre-M70t" failures="0" tests="1" name="swagLabLogin.StandAlonetest" time="4.038" errors="0" timestamp="2023-07-27T18:00:13 IST" skipped="0">
  <testcase classname="swagLabLogin.StandAlonetest" name="flowAll" time="4.038"/>
  <system-out/>
</testsuite> <!-- swagLabLogin.StandAlonetest -->
