<?xml version="1.0" encoding="UTF-8"?>
<!-- Generated by org.testng.reporters.JUnitReportReporter -->
<testsuite hostname="vyrazu66-ThinkCentre-M70t" failures="0" tests="2" name="dataDrivertohereku.GetDataFromExcel" time="12.796" errors="0" timestamp="2023-07-27T13:34:03 IST" skipped="0">
  <testcase classname="dataDrivertohereku.GetDataFromExcel" name="signIn" time="6.985"/>
  <system-out/>
  <testcase classname="dataDrivertohereku.GetDataFromExcel" name="signIn" time="5.811"/>
  <system-out/>
</testsuite> <!-- dataDrivertohereku.GetDataFromExcel -->
